2025-09-10 06:59:43.924 [info] [main] Log level: Info
2025-09-10 06:59:43.924 [info] [main] Validating found git in: "git"
2025-09-10 06:59:43.924 [info] [main] Using git "2.42.0" from "git"
2025-09-10 06:59:43.924 [info] [Model][doInitialScan] Initial repository scan started
2025-09-10 06:59:43.924 [info] > git rev-parse --show-toplevel [23ms]
2025-09-10 06:59:43.924 [info] fatal: not a git repository (or any parent up to mount point /)
Stopping at filesystem boundary (GIT_DISCOVERY_ACROSS_FILESYSTEM not set).
2025-09-10 06:59:43.924 [info] > git rev-parse --show-toplevel [1ms]
2025-09-10 06:59:43.924 [info] fatal: not a git repository (or any parent up to mount point /)
Stopping at filesystem boundary (GIT_DISCOVERY_ACROSS_FILESYSTEM not set).
2025-09-10 06:59:43.924 [info] > git rev-parse --show-toplevel [1ms]
2025-09-10 06:59:43.924 [info] fatal: not a git repository (or any parent up to mount point /)
Stopping at filesystem boundary (GIT_DISCOVERY_ACROSS_FILESYSTEM not set).
2025-09-10 06:59:43.924 [info] > git rev-parse --show-toplevel [1ms]
2025-09-10 06:59:43.924 [info] fatal: not a git repository (or any parent up to mount point /)
Stopping at filesystem boundary (GIT_DISCOVERY_ACROSS_FILESYSTEM not set).
2025-09-10 06:59:43.924 [info] > git rev-parse --show-toplevel [1ms]
2025-09-10 06:59:43.924 [info] fatal: not a git repository (or any parent up to mount point /)
Stopping at filesystem boundary (GIT_DISCOVERY_ACROSS_FILESYSTEM not set).
2025-09-10 06:59:43.924 [info] > git rev-parse --show-toplevel [0ms]
2025-09-10 06:59:43.924 [info] fatal: not a git repository (or any parent up to mount point /)
Stopping at filesystem boundary (GIT_DISCOVERY_ACROSS_FILESYSTEM not set).
2025-09-10 06:59:43.924 [info] > git rev-parse --show-toplevel [0ms]
2025-09-10 06:59:43.924 [info] fatal: not a git repository (or any parent up to mount point /)
Stopping at filesystem boundary (GIT_DISCOVERY_ACROSS_FILESYSTEM not set).
2025-09-10 06:59:43.924 [info] > git rev-parse --show-toplevel [2ms]
2025-09-10 06:59:43.924 [info] fatal: not a git repository (or any parent up to mount point /)
Stopping at filesystem boundary (GIT_DISCOVERY_ACROSS_FILESYSTEM not set).
2025-09-10 06:59:43.924 [info] > git rev-parse --show-toplevel [1ms]
2025-09-10 06:59:43.924 [info] fatal: not a git repository (or any parent up to mount point /)
Stopping at filesystem boundary (GIT_DISCOVERY_ACROSS_FILESYSTEM not set).
2025-09-10 06:59:43.924 [info] > git rev-parse --show-toplevel [0ms]
2025-09-10 06:59:43.924 [info] fatal: not a git repository (or any parent up to mount point /)
Stopping at filesystem boundary (GIT_DISCOVERY_ACROSS_FILESYSTEM not set).
2025-09-10 06:59:43.924 [info] > git rev-parse --show-toplevel [1ms]
2025-09-10 06:59:43.924 [info] fatal: not a git repository (or any parent up to mount point /)
Stopping at filesystem boundary (GIT_DISCOVERY_ACROSS_FILESYSTEM not set).
2025-09-10 06:59:43.924 [info] > git rev-parse --show-toplevel [1ms]
2025-09-10 06:59:43.924 [info] fatal: not a git repository (or any parent up to mount point /)
Stopping at filesystem boundary (GIT_DISCOVERY_ACROSS_FILESYSTEM not set).
2025-09-10 06:59:43.928 [info] > git rev-parse --show-toplevel [2ms]
2025-09-10 06:59:43.928 [info] fatal: not a git repository (or any parent up to mount point /)
Stopping at filesystem boundary (GIT_DISCOVERY_ACROSS_FILESYSTEM not set).
2025-09-10 06:59:43.930 [info] > git rev-parse --show-toplevel [1ms]
2025-09-10 06:59:43.930 [info] fatal: not a git repository (or any parent up to mount point /)
Stopping at filesystem boundary (GIT_DISCOVERY_ACROSS_FILESYSTEM not set).
2025-09-10 06:59:43.932 [info] > git rev-parse --show-toplevel [0ms]
2025-09-10 06:59:43.932 [info] fatal: not a git repository (or any parent up to mount point /)
Stopping at filesystem boundary (GIT_DISCOVERY_ACROSS_FILESYSTEM not set).
2025-09-10 06:59:43.934 [info] > git rev-parse --show-toplevel [1ms]
2025-09-10 06:59:43.934 [info] fatal: not a git repository (or any parent up to mount point /)
Stopping at filesystem boundary (GIT_DISCOVERY_ACROSS_FILESYSTEM not set).
2025-09-10 06:59:43.936 [info] > git rev-parse --show-toplevel [1ms]
2025-09-10 06:59:43.936 [info] fatal: not a git repository (or any parent up to mount point /)
Stopping at filesystem boundary (GIT_DISCOVERY_ACROSS_FILESYSTEM not set).
2025-09-10 06:59:43.942 [info] > git rev-parse --show-toplevel [1ms]
2025-09-10 06:59:43.942 [info] fatal: not a git repository (or any parent up to mount point /)
Stopping at filesystem boundary (GIT_DISCOVERY_ACROSS_FILESYSTEM not set).
2025-09-10 06:59:43.945 [info] > git rev-parse --show-toplevel [0ms]
2025-09-10 06:59:43.946 [info] fatal: not a git repository (or any parent up to mount point /)
Stopping at filesystem boundary (GIT_DISCOVERY_ACROSS_FILESYSTEM not set).
2025-09-10 06:59:43.948 [info] > git rev-parse --show-toplevel [1ms]
2025-09-10 06:59:43.948 [info] fatal: not a git repository (or any parent up to mount point /)
Stopping at filesystem boundary (GIT_DISCOVERY_ACROSS_FILESYSTEM not set).
2025-09-10 06:59:43.950 [info] > git rev-parse --show-toplevel [1ms]
2025-09-10 06:59:43.950 [info] fatal: not a git repository (or any parent up to mount point /)
Stopping at filesystem boundary (GIT_DISCOVERY_ACROSS_FILESYSTEM not set).
2025-09-10 06:59:43.951 [info] > git rev-parse --show-toplevel [0ms]
2025-09-10 06:59:43.951 [info] fatal: not a git repository (or any parent up to mount point /)
Stopping at filesystem boundary (GIT_DISCOVERY_ACROSS_FILESYSTEM not set).
2025-09-10 06:59:43.953 [info] > git rev-parse --show-toplevel [0ms]
2025-09-10 06:59:43.953 [info] fatal: not a git repository (or any parent up to mount point /)
Stopping at filesystem boundary (GIT_DISCOVERY_ACROSS_FILESYSTEM not set).
2025-09-10 06:59:43.955 [info] > git rev-parse --show-toplevel [1ms]
2025-09-10 06:59:43.955 [info] fatal: not a git repository (or any parent up to mount point /)
Stopping at filesystem boundary (GIT_DISCOVERY_ACROSS_FILESYSTEM not set).
2025-09-10 06:59:43.957 [info] > git rev-parse --show-toplevel [1ms]
2025-09-10 06:59:43.957 [info] fatal: not a git repository (or any parent up to mount point /)
Stopping at filesystem boundary (GIT_DISCOVERY_ACROSS_FILESYSTEM not set).
2025-09-10 06:59:43.959 [info] > git rev-parse --show-toplevel [1ms]
2025-09-10 06:59:43.959 [info] fatal: not a git repository (or any parent up to mount point /)
Stopping at filesystem boundary (GIT_DISCOVERY_ACROSS_FILESYSTEM not set).
2025-09-10 06:59:43.961 [info] > git rev-parse --show-toplevel [1ms]
2025-09-10 06:59:43.961 [info] fatal: not a git repository (or any parent up to mount point /)
Stopping at filesystem boundary (GIT_DISCOVERY_ACROSS_FILESYSTEM not set).
2025-09-10 06:59:43.964 [info] > git rev-parse --show-toplevel [1ms]
2025-09-10 06:59:43.964 [info] fatal: not a git repository (or any parent up to mount point /)
Stopping at filesystem boundary (GIT_DISCOVERY_ACROSS_FILESYSTEM not set).
2025-09-10 06:59:43.967 [info] > git rev-parse --show-toplevel [1ms]
2025-09-10 06:59:43.967 [info] fatal: not a git repository (or any parent up to mount point /)
Stopping at filesystem boundary (GIT_DISCOVERY_ACROSS_FILESYSTEM not set).
2025-09-10 06:59:43.970 [info] > git rev-parse --show-toplevel [1ms]
2025-09-10 06:59:43.970 [info] fatal: not a git repository (or any parent up to mount point /)
Stopping at filesystem boundary (GIT_DISCOVERY_ACROSS_FILESYSTEM not set).
2025-09-10 06:59:43.991 [info] > git rev-parse --show-toplevel [19ms]
2025-09-10 06:59:43.991 [info] fatal: not a git repository (or any parent up to mount point /)
Stopping at filesystem boundary (GIT_DISCOVERY_ACROSS_FILESYSTEM not set).
2025-09-10 06:59:43.994 [info] > git rev-parse --show-toplevel [1ms]
2025-09-10 06:59:43.994 [info] fatal: not a git repository (or any parent up to mount point /)
Stopping at filesystem boundary (GIT_DISCOVERY_ACROSS_FILESYSTEM not set).
2025-09-10 06:59:43.997 [info] > git rev-parse --show-toplevel [1ms]
2025-09-10 06:59:43.997 [info] fatal: not a git repository (or any parent up to mount point /)
Stopping at filesystem boundary (GIT_DISCOVERY_ACROSS_FILESYSTEM not set).
2025-09-10 06:59:44.000 [info] > git rev-parse --show-toplevel [0ms]
2025-09-10 06:59:44.000 [info] fatal: not a git repository (or any parent up to mount point /)
Stopping at filesystem boundary (GIT_DISCOVERY_ACROSS_FILESYSTEM not set).
2025-09-10 06:59:44.002 [info] > git rev-parse --show-toplevel [1ms]
2025-09-10 06:59:44.002 [info] fatal: not a git repository (or any parent up to mount point /)
Stopping at filesystem boundary (GIT_DISCOVERY_ACROSS_FILESYSTEM not set).
2025-09-10 06:59:44.004 [info] > git rev-parse --show-toplevel [1ms]
2025-09-10 06:59:44.004 [info] fatal: not a git repository (or any parent up to mount point /)
Stopping at filesystem boundary (GIT_DISCOVERY_ACROSS_FILESYSTEM not set).
2025-09-10 06:59:44.006 [info] > git rev-parse --show-toplevel [0ms]
2025-09-10 06:59:44.006 [info] fatal: not a git repository (or any parent up to mount point /)
Stopping at filesystem boundary (GIT_DISCOVERY_ACROSS_FILESYSTEM not set).
2025-09-10 06:59:44.009 [info] > git rev-parse --show-toplevel [1ms]
2025-09-10 06:59:44.009 [info] fatal: not a git repository (or any parent up to mount point /)
Stopping at filesystem boundary (GIT_DISCOVERY_ACROSS_FILESYSTEM not set).
2025-09-10 06:59:44.012 [info] > git rev-parse --show-toplevel [1ms]
2025-09-10 06:59:44.012 [info] fatal: not a git repository (or any parent up to mount point /)
Stopping at filesystem boundary (GIT_DISCOVERY_ACROSS_FILESYSTEM not set).
2025-09-10 06:59:44.014 [info] > git rev-parse --show-toplevel [1ms]
2025-09-10 06:59:44.014 [info] fatal: not a git repository (or any parent up to mount point /)
Stopping at filesystem boundary (GIT_DISCOVERY_ACROSS_FILESYSTEM not set).
2025-09-10 06:59:44.017 [info] > git rev-parse --show-toplevel [1ms]
2025-09-10 06:59:44.017 [info] fatal: not a git repository (or any parent up to mount point /)
Stopping at filesystem boundary (GIT_DISCOVERY_ACROSS_FILESYSTEM not set).
2025-09-10 06:59:44.019 [info] > git rev-parse --show-toplevel [0ms]
2025-09-10 06:59:44.019 [info] fatal: not a git repository (or any parent up to mount point /)
Stopping at filesystem boundary (GIT_DISCOVERY_ACROSS_FILESYSTEM not set).
2025-09-10 06:59:44.022 [info] > git rev-parse --show-toplevel [1ms]
2025-09-10 06:59:44.022 [info] fatal: not a git repository (or any parent up to mount point /)
Stopping at filesystem boundary (GIT_DISCOVERY_ACROSS_FILESYSTEM not set).
2025-09-10 06:59:44.024 [info] > git rev-parse --show-toplevel [0ms]
2025-09-10 06:59:44.024 [info] fatal: not a git repository (or any parent up to mount point /)
Stopping at filesystem boundary (GIT_DISCOVERY_ACROSS_FILESYSTEM not set).
2025-09-10 06:59:44.027 [info] > git rev-parse --show-toplevel [1ms]
2025-09-10 06:59:44.027 [info] fatal: not a git repository (or any parent up to mount point /)
Stopping at filesystem boundary (GIT_DISCOVERY_ACROSS_FILESYSTEM not set).
2025-09-10 06:59:44.029 [info] > git rev-parse --show-toplevel [1ms]
2025-09-10 06:59:44.029 [info] fatal: not a git repository (or any parent up to mount point /)
Stopping at filesystem boundary (GIT_DISCOVERY_ACROSS_FILESYSTEM not set).
2025-09-10 06:59:44.032 [info] > git rev-parse --show-toplevel [1ms]
2025-09-10 06:59:44.032 [info] fatal: not a git repository (or any parent up to mount point /)
Stopping at filesystem boundary (GIT_DISCOVERY_ACROSS_FILESYSTEM not set).
2025-09-10 06:59:44.034 [info] > git rev-parse --show-toplevel [1ms]
2025-09-10 06:59:44.034 [info] fatal: not a git repository (or any parent up to mount point /)
Stopping at filesystem boundary (GIT_DISCOVERY_ACROSS_FILESYSTEM not set).
2025-09-10 06:59:44.037 [info] > git rev-parse --show-toplevel [0ms]
2025-09-10 06:59:44.037 [info] fatal: not a git repository (or any parent up to mount point /)
Stopping at filesystem boundary (GIT_DISCOVERY_ACROSS_FILESYSTEM not set).
2025-09-10 06:59:44.039 [info] > git rev-parse --show-toplevel [1ms]
2025-09-10 06:59:44.039 [info] fatal: not a git repository (or any parent up to mount point /)
Stopping at filesystem boundary (GIT_DISCOVERY_ACROSS_FILESYSTEM not set).
2025-09-10 06:59:44.041 [info] > git rev-parse --show-toplevel [1ms]
2025-09-10 06:59:44.041 [info] fatal: not a git repository (or any parent up to mount point /)
Stopping at filesystem boundary (GIT_DISCOVERY_ACROSS_FILESYSTEM not set).
2025-09-10 06:59:44.043 [info] > git rev-parse --show-toplevel [1ms]
2025-09-10 06:59:44.043 [info] fatal: not a git repository (or any parent up to mount point /)
Stopping at filesystem boundary (GIT_DISCOVERY_ACROSS_FILESYSTEM not set).
2025-09-10 06:59:44.045 [info] > git rev-parse --show-toplevel [1ms]
2025-09-10 06:59:44.045 [info] fatal: not a git repository (or any parent up to mount point /)
Stopping at filesystem boundary (GIT_DISCOVERY_ACROSS_FILESYSTEM not set).
2025-09-10 06:59:44.047 [info] > git rev-parse --show-toplevel [1ms]
2025-09-10 06:59:44.047 [info] fatal: not a git repository (or any parent up to mount point /)
Stopping at filesystem boundary (GIT_DISCOVERY_ACROSS_FILESYSTEM not set).
2025-09-10 06:59:44.049 [info] > git rev-parse --show-toplevel [1ms]
2025-09-10 06:59:44.049 [info] fatal: not a git repository (or any parent up to mount point /)
Stopping at filesystem boundary (GIT_DISCOVERY_ACROSS_FILESYSTEM not set).
2025-09-10 06:59:44.051 [info] > git rev-parse --show-toplevel [1ms]
2025-09-10 06:59:44.051 [info] fatal: not a git repository (or any parent up to mount point /)
Stopping at filesystem boundary (GIT_DISCOVERY_ACROSS_FILESYSTEM not set).
2025-09-10 06:59:44.054 [info] > git rev-parse --show-toplevel [1ms]
2025-09-10 06:59:44.054 [info] fatal: not a git repository (or any parent up to mount point /)
Stopping at filesystem boundary (GIT_DISCOVERY_ACROSS_FILESYSTEM not set).
2025-09-10 06:59:44.056 [info] > git rev-parse --show-toplevel [0ms]
2025-09-10 06:59:44.056 [info] fatal: not a git repository (or any parent up to mount point /)
Stopping at filesystem boundary (GIT_DISCOVERY_ACROSS_FILESYSTEM not set).
2025-09-10 06:59:44.059 [info] > git rev-parse --show-toplevel [1ms]
2025-09-10 06:59:44.059 [info] fatal: not a git repository (or any parent up to mount point /)
Stopping at filesystem boundary (GIT_DISCOVERY_ACROSS_FILESYSTEM not set).
2025-09-10 06:59:44.061 [info] > git rev-parse --show-toplevel [1ms]
2025-09-10 06:59:44.061 [info] fatal: not a git repository (or any parent up to mount point /)
Stopping at filesystem boundary (GIT_DISCOVERY_ACROSS_FILESYSTEM not set).
2025-09-10 06:59:44.064 [info] > git rev-parse --show-toplevel [1ms]
2025-09-10 06:59:44.064 [info] fatal: not a git repository (or any parent up to mount point /)
Stopping at filesystem boundary (GIT_DISCOVERY_ACROSS_FILESYSTEM not set).
2025-09-10 06:59:44.066 [info] > git rev-parse --show-toplevel [1ms]
2025-09-10 06:59:44.066 [info] fatal: not a git repository (or any parent up to mount point /)
Stopping at filesystem boundary (GIT_DISCOVERY_ACROSS_FILESYSTEM not set).
2025-09-10 06:59:44.069 [info] [Model][doInitialScan] Initial repository scan completed - repositories (0), closed repositories (0), parent repositories (0), unsafe repositories (0)
2025-09-10 09:02:21.817 [info] > git rev-parse --show-toplevel [3ms]
2025-09-10 09:02:21.817 [info] fatal: not a git repository (or any parent up to mount point /)
Stopping at filesystem boundary (GIT_DISCOVERY_ACROSS_FILESYSTEM not set).
2025-09-10 09:02:27.666 [info] > git rev-parse --show-toplevel [1ms]
2025-09-10 09:02:27.666 [info] fatal: not a git repository (or any parent up to mount point /)
Stopping at filesystem boundary (GIT_DISCOVERY_ACROSS_FILESYSTEM not set).
2025-09-10 09:45:32.698 [info] > git rev-parse --show-toplevel [1ms]
2025-09-10 09:45:32.698 [info] fatal: not a git repository (or any parent up to mount point /)
Stopping at filesystem boundary (GIT_DISCOVERY_ACROSS_FILESYSTEM not set).
2025-09-10 10:05:03.709 [info] > git rev-parse --show-toplevel [2ms]
2025-09-10 10:05:03.709 [info] fatal: detected dubious ownership in repository at '/home/b/b92314sp/b24mybeget.ru/public_html'
To add an exception for this directory, call:

	git config --global --add safe.directory /home/b/b92314sp/b24mybeget.ru/public_html
2025-09-10 10:05:46.469 [info] > git rev-parse --show-toplevel [1ms]
2025-09-10 10:05:46.469 [info] fatal: detected dubious ownership in repository at '/home/b/b92314sp/b24mybeget.ru/public_html'
To add an exception for this directory, call:

	git config --global --add safe.directory /home/b/b92314sp/b24mybeget.ru/public_html
2025-09-10 10:50:19.741 [info] > git rev-parse --show-toplevel [1ms]
2025-09-10 10:50:19.746 [info] > git rev-parse --git-dir --git-common-dir --show-superproject-working-tree [2ms]
2025-09-10 10:50:19.754 [info] [Model][openRepository] Opened repository (path): /home/b/b92314sp/b24mybeget.ru/public_html
2025-09-10 10:50:19.754 [info] [Model][openRepository] Opened repository (real path): /home/b/b92314sp/b24mybeget.ru/public_html
2025-09-10 10:50:19.754 [info] [Model][openRepository] Opened repository (kind): repository
2025-09-10 10:50:19.761 [info] > git config --get commit.template [3ms]
2025-09-10 10:50:19.762 [info] > git for-each-ref --format=%(refname)%00%(upstream:short)%00%(objectname)%00%(upstream:track)%00%(upstream:remotename)%00%(upstream:remoteref) refs/heads/main refs/remotes/main [1ms]
2025-09-10 10:50:19.768 [info] > git for-each-ref --sort -committerdate --format %(refname)%00%(objectname)%00%(*objectname) [1ms]
2025-09-10 10:50:19.778 [info] > git status -z -uall [14ms]
2025-09-10 10:50:19.789 [info] > git for-each-ref --format=%(refname)%00%(upstream:short)%00%(objectname)%00%(upstream:track)%00%(upstream:remotename)%00%(upstream:remoteref) refs/heads/main refs/remotes/main [4ms]
2025-09-10 10:50:19.792 [info] > git config --get commit.template [3ms]
2025-09-10 10:50:19.795 [info] > git config --get --local branch.main.vscode-merge-base [3ms]
2025-09-10 10:50:19.795 [warning] [Git][config] git config failed: Failed to execute git
2025-09-10 10:50:19.798 [info] > git for-each-ref --format=%(refname)%00%(upstream:short)%00%(objectname)%00%(upstream:track)%00%(upstream:remotename)%00%(upstream:remoteref) refs/heads/main refs/remotes/main [3ms]
2025-09-10 10:50:19.804 [info] > git reflog main --grep-reflog=branch: Created from *. [5ms]
2025-09-10 10:50:19.806 [info] > git for-each-ref --sort -committerdate --format %(refname)%00%(objectname)%00%(*objectname) [3ms]
2025-09-10 10:50:19.807 [info] > git symbolic-ref --short refs/remotes/origin/HEAD [1ms]
2025-09-10 10:50:19.807 [info] fatal: ref refs/remotes/origin/HEAD is not a symbolic ref
2025-09-10 10:50:19.807 [warning] [Repository][getDefaultBranch] Failed to get default branch details: Failed to execute git.
2025-09-10 10:50:19.813 [info] > git status -z -uall [13ms]
2025-09-10 10:50:20.294 [info] > git show --textconv :.ssh/id_ed25519.pub [3ms]
2025-09-10 10:50:20.295 [info] > git ls-files --stage -- .ssh/id_ed25519.pub [2ms]
2025-09-10 10:50:20.298 [info] > git cat-file -s af4ac339c6bf6170ee1bca7effa88295b3b68687 [1ms]
2025-09-10 10:50:20.342 [info] > git check-ignore -v -z --stdin [3ms]
2025-09-10 10:50:23.036 [info] > git blame --root --incremental 04d355fbb43de441212f0333d5b1fdcdc87decce -- .ssh/id_ed25519.pub [1ms]
2025-09-10 10:59:03.819 [info] > git config --get commit.template [4ms]
2025-09-10 10:59:03.819 [info] > git for-each-ref --format=%(refname)%00%(upstream:short)%00%(objectname)%00%(upstream:track)%00%(upstream:remotename)%00%(upstream:remoteref) refs/heads/main refs/remotes/main [1ms]
2025-09-10 10:59:03.825 [info] > git for-each-ref --sort -committerdate --format %(refname)%00%(objectname)%00%(*objectname) [1ms]
2025-09-10 10:59:03.834 [info] > git status -z -uall [12ms]
2025-09-10 11:02:42.366 [info] > git config --get commit.template [3ms]
2025-09-10 11:02:42.366 [info] > git for-each-ref --format=%(refname)%00%(upstream:short)%00%(objectname)%00%(upstream:track)%00%(upstream:remotename)%00%(upstream:remoteref) refs/heads/main refs/remotes/main [1ms]
2025-09-10 11:02:42.372 [info] > git for-each-ref --sort -committerdate --format %(refname)%00%(objectname)%00%(*objectname) [0ms]
2025-09-10 11:02:42.381 [info] > git status -z -uall [12ms]
2025-09-10 11:02:54.178 [info] > git config --get commit.template [3ms]
2025-09-10 11:02:54.179 [info] > git for-each-ref --format=%(refname)%00%(upstream:short)%00%(objectname)%00%(upstream:track)%00%(upstream:remotename)%00%(upstream:remoteref) refs/heads/main refs/remotes/main [1ms]
2025-09-10 11:02:54.185 [info] > git for-each-ref --sort -committerdate --format %(refname)%00%(objectname)%00%(*objectname) [1ms]
2025-09-10 11:02:54.193 [info] > git status -z -uall [12ms]
2025-09-10 11:03:39.477 [info] > git config --get commit.template [1ms]
2025-09-10 11:03:39.480 [info] > git for-each-ref --format=%(refname)%00%(upstream:short)%00%(objectname)%00%(upstream:track)%00%(upstream:remotename)%00%(upstream:remoteref) refs/heads/main refs/remotes/main [1ms]
2025-09-10 11:03:39.487 [info] > git for-each-ref --sort -committerdate --format %(refname)%00%(objectname)%00%(*objectname) [1ms]
2025-09-10 11:03:39.496 [info] > git status -z -uall [13ms]
2025-09-10 11:19:57.096 [info] > git check-ignore -v -z --stdin [2ms]
2025-09-10 11:20:01.845 [info] > git check-ignore -v -z --stdin [2ms]
2025-09-10 11:20:04.547 [info] > git check-ignore -v -z --stdin [3ms]
2025-09-10 11:20:09.623 [info] > git check-ignore -v -z --stdin [3ms]
2025-09-10 11:20:10.491 [info] > git check-ignore -v -z --stdin [2ms]
2025-09-10 11:20:11.168 [info] > git check-ignore -v -z --stdin [1ms]
2025-09-10 11:20:13.040 [info] > git check-ignore -v -z --stdin [1ms]
2025-09-10 11:20:14.373 [info] > git check-ignore -v -z --stdin [2ms]
2025-09-10 11:20:15.290 [info] > git check-ignore -v -z --stdin [2ms]
2025-09-10 11:20:16.271 [info] > git check-ignore -v -z --stdin [2ms]
2025-09-10 11:34:22.842 [info] > git config --get commit.template [3ms]
2025-09-10 11:34:22.843 [info] > git for-each-ref --format=%(refname)%00%(upstream:short)%00%(objectname)%00%(upstream:track)%00%(upstream:remotename)%00%(upstream:remoteref) refs/heads/main refs/remotes/main [1ms]
2025-09-10 11:34:22.849 [info] > git for-each-ref --sort -committerdate --format %(refname)%00%(objectname)%00%(*objectname) [1ms]
2025-09-10 11:34:22.857 [info] > git status -z -uall [12ms]
2025-09-10 11:34:47.622 [info] > git show --textconv :.gitignore [3ms]
2025-09-10 11:34:47.623 [info] > git ls-files --stage -- .gitignore [2ms]
2025-09-10 11:34:47.626 [info] > git cat-file -s c12467337f2bdcea59192165bd403a8fed303b86 [1ms]
2025-09-10 11:34:47.749 [info] > git blame --root --incremental 04d355fbb43de441212f0333d5b1fdcdc87decce -- .gitignore [1ms]
2025-09-10 11:34:52.278 [info] > git check-ignore -v -z --stdin [3ms]
2025-09-10 11:35:07.038 [info] > git check-ignore -v -z --stdin [3ms]
2025-09-10 11:35:07.725 [info] > git check-ignore -v -z --stdin [4ms]
2025-09-10 11:36:17.674 [info] > git check-ignore -v -z --stdin [2ms]
2025-09-10 11:36:18.391 [info] > git check-ignore -v -z --stdin [2ms]
2025-09-10 11:36:28.738 [info] > git check-ignore -v -z --stdin [4ms]
2025-09-10 11:36:53.167 [info] > git check-ignore -v -z --stdin [2ms]
2025-09-10 11:38:00.092 [info] > git check-ignore -v -z --stdin [3ms]
2025-09-10 11:38:00.987 [info] > git check-ignore -v -z --stdin [4ms]
2025-09-10 11:38:27.590 [info] > git check-ignore -v -z --stdin [2ms]
2025-09-10 11:38:29.234 [info] > git check-ignore -v -z --stdin [2ms]
2025-09-10 11:38:33.841 [info] > git check-ignore -v -z --stdin [2ms]
2025-09-10 11:38:37.208 [info] > git check-ignore -v -z --stdin [2ms]
2025-09-10 11:39:45.365 [info] > git check-ignore -v -z --stdin [3ms]
2025-09-10 11:39:46.053 [info] > git check-ignore -v -z --stdin [4ms]
2025-09-10 11:40:04.161 [info] > git check-ignore -v -z --stdin [4ms]
2025-09-10 11:40:32.448 [info] > git check-ignore -v -z --stdin [2ms]
2025-09-10 11:41:25.826 [info] > git check-ignore -v -z --stdin [1ms]
2025-09-10 11:41:56.796 [info] > git check-ignore -v -z --stdin [4ms]
2025-09-10 11:41:57.492 [info] > git check-ignore -v -z --stdin [4ms]
2025-09-10 11:42:00.259 [info] > git check-ignore -v -z --stdin [2ms]
2025-09-10 11:42:19.680 [info] > git check-ignore -v -z --stdin [4ms]
2025-09-10 11:42:20.366 [info] > git check-ignore -v -z --stdin [4ms]
2025-09-10 11:42:26.166 [info] > git check-ignore -v -z --stdin [2ms]
2025-09-10 11:42:29.252 [info] > git check-ignore -v -z --stdin [2ms]
2025-09-10 11:43:11.907 [info] > git check-ignore -v -z --stdin [2ms]
2025-09-10 11:43:22.716 [info] > git show --textconv :.vscode-server/cli/servers/Stable-6f17636121051a53c88d3e605c491d22af2ba755/log.txt [3ms]
2025-09-10 11:43:22.717 [info] > git ls-files --stage -- .vscode-server/cli/servers/Stable-6f17636121051a53c88d3e605c491d22af2ba755/log.txt [2ms]
2025-09-10 11:43:22.720 [info] > git cat-file -s 6f1fbe45aeba3745175f78030c4df8bc85144b63 [1ms]
2025-09-10 11:43:22.809 [info] > git check-ignore -v -z --stdin [2ms]
2025-09-10 11:43:44.155 [info] > git show --textconv :.gitignore [3ms]
2025-09-10 11:43:44.156 [info] > git ls-files --stage -- .gitignore [2ms]
2025-09-10 11:43:44.160 [info] > git cat-file -s c12467337f2bdcea59192165bd403a8fed303b86 [1ms]
2025-09-10 11:43:44.375 [info] > git check-ignore -v -z --stdin [4ms]
2025-09-10 11:43:47.069 [info] > git check-ignore -v -z --stdin [2ms]
2025-09-10 11:46:14.319 [info] > git check-ignore -v -z --stdin [3ms]
2025-09-10 11:46:15.005 [info] > git check-ignore -v -z --stdin [5ms]
2025-09-10 11:46:15.699 [info] > git check-ignore -v -z --stdin [4ms]
